
 ⛅️ wrangler 3.114.16 (update available 4.54.0)
-----------------------------------------------

[33m▲ [43;33m[[43;30mWARNING[43;33m][0m [1mThe version of Wrangler you are using is now out-of-date.[0m

  Please update to the latest version to prevent critical errors.
  Run `npm install --save-dev wrangler@4` to update to the latest version.
  After installation, run Wrangler with `npx wrangler`.


Your Worker and resources are simulated locally via Miniflare. For more information, see: https://developers.cloudflare.com/workers/testing/local-development.

Your worker has access to the following bindings:
- Durable Objects:
  - SESSION_DO: SessionDO
- D1 Databases:
  - DB: vizthinker-db (d1d63816-6c17-48e5-97d8-67b323ea42b9) [simulated locally]
- AI:
  - Name: AI [connected to remote resource]
[33m▲ [43;33m[[43;30mWARNING[43;33m][0m [1mUsing Workers AI always accesses your Cloudflare account in order to run AI models, and so will incur usage charges even in local development.[0m


⎔ Starting local server...
[wrangler:inf] Ready on http://localhost:8787
[wrangler:inf] GET / 200 OK (8ms)
[wrangler:inf] POST /api/visualize 200 OK (17877ms)
⎔ Reloading local server...
⎔ Reloading local server...
⎔ Reloading local server...
⎔ Reloading local server...
wrangler.toml changed...
Your worker has access to the following bindings:
- Durable Objects:
  - SESSION_DO: SessionDO
- D1 Databases:
  - DB: vizthinker-db (d1d63816-6c17-48e5-97d8-67b323ea42b9) [simulated locally]
- AI:
  - Name: AI [connected to remote resource]
⎔ Reloading local server...
